<?xml version="1.0" encoding="UTF-8"?>
<testsuite name="it.tylframework.data.mongo.SampleMongoApplicationTests" time="0.613" tests="1" errors="0" skipped="0" failures="1">
  <properties>
[...]
</properties>
  <testcase name="testDefaultSettings" classname="it.tylframework.data.mongo.SampleMongoApplicationTests" time="0.613">
    <failure message="Wrong output: &#10;  .   ____          _            __ _ _&#10; /\\ / ___&apos;_ __ _ _(_)_ __  __ _ \ \ \ \&#10;( ( )\___ | &apos;_ | &apos;_| | &apos;_ \/ _` | \ \ \ \&#10; \\/  ___)| |_)| | | | | || (_| |  ) ) ) )&#10;  &apos;  |____| .__|_| |_|_| |_\__, | / / / /&#10; =========|_|==============|___/=/_/_/_/&#10; :: Spring Boot ::        (v1.0.2.RELEASE)&#10;&#10;2014-07-12 18:18:55.384  INFO 5740 --- [           main] i.t.data.mongo.SampleMongoApplication    : Starting SampleMongoApplication on mint-dell with PID 5740 (/home/marco/TylProject/MongoDbContainer/target/classes started by marco in /home/marco/TylProject/MongoDbContainer)&#10;2014-07-12 18:18:55.388  INFO 5740 --- [           main] s.c.a.AnnotationConfigApplicationContext : Refreshing org.springframework.context.annotation.AnnotationConfigApplicationContext@58f70a5: startup date [Sat Jul 12 18:18:55 CEST 2014]; root of context hierarchy&#10;2014-07-12 18:18:55.850  INFO 5740 --- [           main] o.s.j.e.a.AnnotationMBeanExporter        : Registering beans for JMX exposure on startup&#10;Customers found with findAll():&#10;-------------------------------&#10;Customer[id=53c15fefe4b050836f3f291d, firstName=&apos;Andrea&apos;, lastName=&apos;Novara&apos;]&#10;Customer[id=53c15fefe4b050836f3f291e, firstName=&apos;Edoardo&apos;, lastName=&apos;Vacchi&apos;]&#10;Customer[id=53c15fefe4b050836f3f291f, firstName=&apos;Marco&apos;, lastName=&apos;Pancotti&apos;]&#10;Customer[id=53c15fefe4b050836f3f2920, firstName=&apos;Alessandro&apos;, lastName=&apos;Mongelli&apos;]&#10;Customer[id=53c15fefe4b050836f3f2921, firstName=&apos;Michele&apos;, lastName=&apos;Sciabarra&apos;]&#10;Customer[id=53c15fefe4b050836f3f2922, firstName=&apos;Adriano&apos;, lastName=&apos;Marchetti&apos;]&#10;Customer[id=53c15fefe4b050836f3f2923, firstName=&apos;Luca&apos;, lastName=&apos;Buraggi&apos;]&#10;&#10;2014-07-12 18:18:55.915  INFO 5740 --- [           main] i.t.data.mongo.SampleMongoApplication    : Started SampleMongoApplication in 0.609 seconds (JVM running for 3.833)&#10;" type="java.lang.AssertionError">java.lang.AssertionError: Wrong output: 
  .   ____          _            __ _ _
 /\\ / ___'_ __ _ _(_)_ __  __ _ \ \ \ \
( ( )\___ | '_ | '_| | '_ \/ _` | \ \ \ \
 \\/  ___)| |_)| | | | | || (_| |  ) ) ) )
  '  |____| .__|_| |_|_| |_\__, | / / / /
 =========|_|==============|___/=/_/_/_/
 :: Spring Boot ::        (v1.0.2.RELEASE)

2014-07-12 18:18:55.384  INFO 5740 --- [           main] i.t.data.mongo.SampleMongoApplication    : Starting SampleMongoApplication on mint-dell with PID 5740 (/home/marco/TylProject/MongoDbContainer/target/classes started by marco in /home/marco/TylProject/MongoDbContainer)
2014-07-12 18:18:55.388  INFO 5740 --- [           main] s.c.a.AnnotationConfigApplicationContext : Refreshing org.springframework.context.annotation.AnnotationConfigApplicationContext@58f70a5: startup date [Sat Jul 12 18:18:55 CEST 2014]; root of context hierarchy
2014-07-12 18:18:55.850  INFO 5740 --- [           main] o.s.j.e.a.AnnotationMBeanExporter        : Registering beans for JMX exposure on startup
Customers found with findAll():
-------------------------------
Customer[id=53c15fefe4b050836f3f291d, firstName='Andrea', lastName='Novara']
Customer[id=53c15fefe4b050836f3f291e, firstName='Edoardo', lastName='Vacchi']
Customer[id=53c15fefe4b050836f3f291f, firstName='Marco', lastName='Pancotti']
Customer[id=53c15fefe4b050836f3f2920, firstName='Alessandro', lastName='Mongelli']
Customer[id=53c15fefe4b050836f3f2921, firstName='Michele', lastName='Sciabarra']
Customer[id=53c15fefe4b050836f3f2922, firstName='Adriano', lastName='Marchetti']
Customer[id=53c15fefe4b050836f3f2923, firstName='Luca', lastName='Buraggi']

2014-07-12 18:18:55.915  INFO 5740 --- [           main] i.t.data.mongo.SampleMongoApplication    : Started SampleMongoApplication in 0.609 seconds (JVM running for 3.833)

	at org.junit.Assert.fail(Assert.java:88)
	at org.junit.Assert.assertTrue(Assert.java:41)
	at it.tylframework.data.mongo.SampleMongoApplicationTests.testDefaultSettings(SampleMongoApplicationTests.java:49)
</failure>
    <system-out>
  .   ____          _            __ _ _
 /\\ / ___'_ __ _ _(_)_ __  __ _ \ \ \ \
( ( )\___ | '_ | '_| | '_ \/ _` | \ \ \ \
 \\/  ___)| |_)| | | | | || (_| |  ) ) ) )
  '  |____| .__|_| |_|_| |_\__, | / / / /
 =========|_|==============|___/=/_/_/_/
 :: Spring Boot ::        (v1.0.2.RELEASE)

2014-07-12 18:18:55.384  INFO 5740 --- [           main] i.t.data.mongo.SampleMongoApplication    : Starting SampleMongoApplication on mint-dell with PID 5740 (/home/marco/TylProject/MongoDbContainer/target/classes started by marco in /home/marco/TylProject/MongoDbContainer)
2014-07-12 18:18:55.388  INFO 5740 --- [           main] s.c.a.AnnotationConfigApplicationContext : Refreshing org.springframework.context.annotation.AnnotationConfigApplicationContext@58f70a5: startup date [Sat Jul 12 18:18:55 CEST 2014]; root of context hierarchy
2014-07-12 18:18:55.850  INFO 5740 --- [           main] o.s.j.e.a.AnnotationMBeanExporter        : Registering beans for JMX exposure on startup
Customers found with findAll():
-------------------------------
Customer[id=53c15fefe4b050836f3f291d, firstName='Andrea', lastName='Novara']
Customer[id=53c15fefe4b050836f3f291e, firstName='Edoardo', lastName='Vacchi']
Customer[id=53c15fefe4b050836f3f291f, firstName='Marco', lastName='Pancotti']
Customer[id=53c15fefe4b050836f3f2920, firstName='Alessandro', lastName='Mongelli']
Customer[id=53c15fefe4b050836f3f2921, firstName='Michele', lastName='Sciabarra']
Customer[id=53c15fefe4b050836f3f2922, firstName='Adriano', lastName='Marchetti']
Customer[id=53c15fefe4b050836f3f2923, firstName='Luca', lastName='Buraggi']

2014-07-12 18:18:55.915  INFO 5740 --- [           main] i.t.data.mongo.SampleMongoApplication    : Started SampleMongoApplication in 0.609 seconds (JVM running for 3.833)
</system-out>
  </testcase>
</testsuite>